<?xml version="1.0" encoding="UTF-8"?>
<testsuite name="com.bridgelabz.fundoopush.UserRegistration" tests="1" skipped="0" failures="0" errors="0" timestamp="2019-12-31T05:34:14" hostname="admin1-desktop" time="3.199">
  <properties/>
  <testcase name="givenRedirectPUTApi_whenAllCredentialAreCorrect_shouldReturnCode" classname="com.bridgelabz.fundoopush.UserRegistration" time="3.199"/>
  <system-out><![CDATA[{
    "status": true,
    "message": "Redirect updated Successfully",
    "data": {
        "n": 1,
        "nModified": 1,
        "ok": 1
    }
}
{
    "status": true,
    "message": "Redirect updated Successfully",
    "data": {
        "n": 1,
        "nModified": 1,
        "ok": 1
    }
}
Redirect Successfull...200
]]></system-out>
  <system-err><![CDATA[]]></system-err>
</testsuite>
